<?xml version="1.0" encoding="UTF-8"?>
<testsuite name="black_jack.DeckTest" tests="1" skipped="0" failures="0" errors="0" timestamp="2021-11-19T09:31:03" hostname="DESKTOP-44RH361" time="0.032">
  <properties/>
  <testcase name="cardRemover()" classname="black_jack.DeckTest" time="0.032"/>
  <system-out><![CDATA[]]></system-out>
  <system-err><![CDATA[]]></system-err>
</testsuite>
